<?xml version="1.0" encoding="UTF-8"?>
<robot generator="Robot 4.1.2 (Python 3.9.7 on win32)" generated="20211213 22:16:08.246" rpa="false" schemaversion="2">
<suite id="s1" name="Tests" source="I:\User\Documents\GitHub\RobotFrameworkPrac\tests">
<suite id="s1-s1" name="Tests" source="I:\User\Documents\GitHub\RobotFrameworkPrac\tests\tests.robot">
<test id="s1-s1-t1" name="Valid Login">
<kw name="Open Browser To Login Page" library="resources">
<kw name="Open Browser" library="SeleniumLibrary">
<arg>${LOGIN URL}</arg>
<arg>${BROWSER}</arg>
<doc>Opens a new browser instance to the optional ``url``.</doc>
<msg timestamp="20211213 22:16:08.388" level="INFO">Opening browser 'chrome' to base url 'https://www.saucedemo.com/'.</msg>
<status status="PASS" starttime="20211213 22:16:08.388" endtime="20211213 22:16:09.917"/>
</kw>
<kw name="Login Page Should Be Open" library="resources">
<kw name="Page Should Contain Element" library="SeleniumLibrary">
<arg>login-button</arg>
<doc>Verifies that element ``locator`` is found on the current page.</doc>
<msg timestamp="20211213 22:16:09.932" level="INFO">Current page contains element 'login-button'.</msg>
<status status="PASS" starttime="20211213 22:16:09.917" endtime="20211213 22:16:09.932"/>
</kw>
<status status="PASS" starttime="20211213 22:16:09.917" endtime="20211213 22:16:09.932"/>
</kw>
<status status="PASS" starttime="20211213 22:16:08.388" endtime="20211213 22:16:09.932"/>
</kw>
<kw name="Input Credentials" library="resources">
<arg>${VALID_USER}</arg>
<arg>${Password}</arg>
<kw name="Input Text" library="SeleniumLibrary">
<arg>user-name</arg>
<arg>${username}</arg>
<doc>Types the given ``text`` into the text field identified by ``locator``.</doc>
<msg timestamp="20211213 22:16:09.933" level="INFO">Typing text 'standard_user' into text field 'user-name'.</msg>
<status status="PASS" starttime="20211213 22:16:09.933" endtime="20211213 22:16:10.020"/>
</kw>
<kw name="Input Password" library="SeleniumLibrary">
<arg>password</arg>
<arg>${password}</arg>
<doc>Types the given password into the text field identified by ``locator``.</doc>
<msg timestamp="20211213 22:16:10.021" level="INFO">Typing password into text field 'password'.</msg>
<msg timestamp="20211213 22:16:10.065" level="INFO">Temporally setting log level to: NONE</msg>
<msg timestamp="20211213 22:16:10.102" level="INFO">Log level changed from NONE to INFO.</msg>
<status status="PASS" starttime="20211213 22:16:10.021" endtime="20211213 22:16:10.102"/>
</kw>
<kw name="Click Button" library="SeleniumLibrary">
<arg>login-button</arg>
<doc>Clicks the button identified by ``locator``.</doc>
<msg timestamp="20211213 22:16:10.103" level="INFO">Clicking button 'login-button'.</msg>
<status status="PASS" starttime="20211213 22:16:10.102" endtime="20211213 22:16:10.192"/>
</kw>
<status status="PASS" starttime="20211213 22:16:09.932" endtime="20211213 22:16:10.192"/>
</kw>
<kw name="Product Page Should Be Open" library="resources">
<kw name="Element Text Should Be" library="SeleniumLibrary">
<arg>class:title</arg>
<arg>PRODUCTS</arg>
<doc>Verifies that element ``locator`` contains exact the text ``expected``.</doc>
<msg timestamp="20211213 22:16:10.193" level="INFO">Verifying element 'class:title' contains exact text 'PRODUCTS'.</msg>
<status status="PASS" starttime="20211213 22:16:10.193" endtime="20211213 22:16:10.221"/>
</kw>
<status status="PASS" starttime="20211213 22:16:10.192" endtime="20211213 22:16:10.222"/>
</kw>
<kw name="Close Browser" library="SeleniumLibrary" type="TEARDOWN">
<doc>Closes the current browser.</doc>
<status status="PASS" starttime="20211213 22:16:10.222" endtime="20211213 22:16:12.273"/>
</kw>
<status status="PASS" starttime="20211213 22:16:08.388" endtime="20211213 22:16:12.273"/>
</test>
<test id="s1-s1-t2" name="Locked Out Login">
<kw name="Open Browser To Login Page" library="resources">
<kw name="Open Browser" library="SeleniumLibrary">
<arg>${LOGIN URL}</arg>
<arg>${BROWSER}</arg>
<doc>Opens a new browser instance to the optional ``url``.</doc>
<msg timestamp="20211213 22:16:12.275" level="INFO">Opening browser 'chrome' to base url 'https://www.saucedemo.com/'.</msg>
<status status="PASS" starttime="20211213 22:16:12.274" endtime="20211213 22:16:14.539"/>
</kw>
<kw name="Login Page Should Be Open" library="resources">
<kw name="Page Should Contain Element" library="SeleniumLibrary">
<arg>login-button</arg>
<doc>Verifies that element ``locator`` is found on the current page.</doc>
<msg timestamp="20211213 22:16:14.556" level="INFO">Current page contains element 'login-button'.</msg>
<status status="PASS" starttime="20211213 22:16:14.540" endtime="20211213 22:16:14.556"/>
</kw>
<status status="PASS" starttime="20211213 22:16:14.540" endtime="20211213 22:16:14.557"/>
</kw>
<status status="PASS" starttime="20211213 22:16:12.274" endtime="20211213 22:16:14.557"/>
</kw>
<kw name="Input Credentials" library="resources">
<arg>${LOCKED_OUT}</arg>
<arg>${Password}</arg>
<kw name="Input Text" library="SeleniumLibrary">
<arg>user-name</arg>
<arg>${username}</arg>
<doc>Types the given ``text`` into the text field identified by ``locator``.</doc>
<msg timestamp="20211213 22:16:14.558" level="INFO">Typing text 'locked_out_user' into text field 'user-name'.</msg>
<status status="PASS" starttime="20211213 22:16:14.557" endtime="20211213 22:16:14.647"/>
</kw>
<kw name="Input Password" library="SeleniumLibrary">
<arg>password</arg>
<arg>${password}</arg>
<doc>Types the given password into the text field identified by ``locator``.</doc>
<msg timestamp="20211213 22:16:14.647" level="INFO">Typing password into text field 'password'.</msg>
<msg timestamp="20211213 22:16:14.688" level="INFO">Temporally setting log level to: NONE</msg>
<msg timestamp="20211213 22:16:14.725" level="INFO">Log level changed from NONE to INFO.</msg>
<status status="PASS" starttime="20211213 22:16:14.647" endtime="20211213 22:16:14.725"/>
</kw>
<kw name="Click Button" library="SeleniumLibrary">
<arg>login-button</arg>
<doc>Clicks the button identified by ``locator``.</doc>
<msg timestamp="20211213 22:16:14.726" level="INFO">Clicking button 'login-button'.</msg>
<status status="PASS" starttime="20211213 22:16:14.725" endtime="20211213 22:16:14.787"/>
</kw>
<status status="PASS" starttime="20211213 22:16:14.557" endtime="20211213 22:16:14.787"/>
</kw>
<kw name="Element Text Should Be" library="SeleniumLibrary">
<arg>xpath://*[@id="login_button_container"]/div/form/div[3]/h3</arg>
<arg>Epic sadface: Sorry, this user has been locked out.</arg>
<doc>Verifies that element ``locator`` contains exact the text ``expected``.</doc>
<msg timestamp="20211213 22:16:14.787" level="INFO">Verifying element 'xpath://*[@id="login_button_container"]/div/form/div[3]/h3' contains exact text 'Epic sadface: Sorry, this user has been locked out.'.</msg>
<status status="PASS" starttime="20211213 22:16:14.787" endtime="20211213 22:16:14.815"/>
</kw>
<kw name="Close Browser" library="SeleniumLibrary" type="TEARDOWN">
<doc>Closes the current browser.</doc>
<status status="PASS" starttime="20211213 22:16:14.815" endtime="20211213 22:16:16.865"/>
</kw>
<status status="PASS" starttime="20211213 22:16:12.274" endtime="20211213 22:16:16.865"/>
</test>
<test id="s1-s1-t3" name="Wrong password">
<kw name="Open Browser To Login Page" library="resources">
<kw name="Open Browser" library="SeleniumLibrary">
<arg>${LOGIN URL}</arg>
<arg>${BROWSER}</arg>
<doc>Opens a new browser instance to the optional ``url``.</doc>
<msg timestamp="20211213 22:16:16.866" level="INFO">Opening browser 'chrome' to base url 'https://www.saucedemo.com/'.</msg>
<status status="PASS" starttime="20211213 22:16:16.866" endtime="20211213 22:16:18.411"/>
</kw>
<kw name="Login Page Should Be Open" library="resources">
<kw name="Page Should Contain Element" library="SeleniumLibrary">
<arg>login-button</arg>
<doc>Verifies that element ``locator`` is found on the current page.</doc>
<msg timestamp="20211213 22:16:18.426" level="INFO">Current page contains element 'login-button'.</msg>
